<?xml version="1.0" encoding="UTF-8"?>
<!-- Generated by org.testng.reporters.JUnitXMLReporter -->
<testsuite ignored="0" hostname="Udhayas-MBP.home" failures="0" tests="3" name="Default test" time="34.304" errors="0" timestamp="2023-12-13T11:46:12 CST">
  <testcase classname="com.webshop.driver.DriverScript" name="initApplication" time="5.488"/>
  <testcase classname="com.webshop.testcase.LoginPageTest" name="testForgotPasswordlink" time="0.701"/>
  <testcase classname="com.webshop.testcase.LoginPageTest" name="testLoginPageTest" time="2.108"/>
</testsuite> <!-- Default test -->
