<?xml version="1.0" encoding="UTF-8"?>
<testng-results ignored="0" total="3" passed="3" failed="0" skipped="0">
  <reporter-output>
  </reporter-output>
  <suite started-at="2023-12-13T11:45:38 CST" name="Default suite" finished-at="2023-12-13T11:46:12 CST" duration-ms="34304">
    <groups>
    </groups>
    <test started-at="2023-12-13T11:45:38 CST" name="Default test" finished-at="2023-12-13T11:46:12 CST" duration-ms="34304">
      <class name="com.webshop.testcase.LoginPageTest">
        <test-method is-config="true" signature="setup()[pri:0, instance:com.webshop.testcase.LoginPageTest@5f9b2141]" started-at="2023-12-13T11:45:38 CST" name="setup" finished-at="2023-12-13T11:45:47 CST" duration-ms="9039" status="PASS">
          <reporter-output>
          </reporter-output>
        </test-method> <!-- setup -->
        <test-method signature="initApplication()[pri:0, instance:com.webshop.testcase.LoginPageTest@5f9b2141]" started-at="2023-12-13T11:45:47 CST" name="initApplication" finished-at="2023-12-13T11:45:53 CST" duration-ms="5488" status="PASS">
          <reporter-output>
          </reporter-output>
        </test-method> <!-- initApplication -->
        <test-method is-config="true" signature="teartown()[pri:0, instance:com.webshop.testcase.LoginPageTest@5f9b2141]" started-at="2023-12-13T11:45:53 CST" name="teartown" finished-at="2023-12-13T11:45:55 CST" duration-ms="2261" status="PASS">
          <reporter-output>
          </reporter-output>
        </test-method> <!-- teartown -->
        <test-method is-config="true" signature="setup()[pri:0, instance:com.webshop.testcase.LoginPageTest@5f9b2141]" started-at="2023-12-13T11:45:55 CST" name="setup" finished-at="2023-12-13T11:46:00 CST" duration-ms="4807" status="PASS">
          <reporter-output>
          </reporter-output>
        </test-method> <!-- setup -->
        <test-method signature="testForgotPasswordlink()[pri:0, instance:com.webshop.testcase.LoginPageTest@5f9b2141]" started-at="2023-12-13T11:46:00 CST" name="testForgotPasswordlink" finished-at="2023-12-13T11:46:00 CST" duration-ms="701" status="PASS">
          <reporter-output>
          </reporter-output>
        </test-method> <!-- testForgotPasswordlink -->
        <test-method is-config="true" signature="teartown()[pri:0, instance:com.webshop.testcase.LoginPageTest@5f9b2141]" started-at="2023-12-13T11:46:00 CST" name="teartown" finished-at="2023-12-13T11:46:03 CST" duration-ms="2531" status="PASS">
          <reporter-output>
          </reporter-output>
        </test-method> <!-- teartown -->
        <test-method is-config="true" signature="setup()[pri:0, instance:com.webshop.testcase.LoginPageTest@5f9b2141]" started-at="2023-12-13T11:46:03 CST" name="setup" finished-at="2023-12-13T11:46:08 CST" duration-ms="5014" status="PASS">
          <reporter-output>
          </reporter-output>
        </test-method> <!-- setup -->
        <test-method signature="testLoginPageTest()[pri:0, instance:com.webshop.testcase.LoginPageTest@5f9b2141]" started-at="2023-12-13T11:46:08 CST" name="testLoginPageTest" finished-at="2023-12-13T11:46:10 CST" duration-ms="2108" status="PASS">
          <reporter-output>
          </reporter-output>
        </test-method> <!-- testLoginPageTest -->
        <test-method is-config="true" signature="teartown()[pri:0, instance:com.webshop.testcase.LoginPageTest@5f9b2141]" started-at="2023-12-13T11:46:10 CST" name="teartown" finished-at="2023-12-13T11:46:12 CST" duration-ms="2265" status="PASS">
          <reporter-output>
          </reporter-output>
        </test-method> <!-- teartown -->
      </class> <!-- com.webshop.testcase.LoginPageTest -->
    </test> <!-- Default test -->
  </suite> <!-- Default suite -->
</testng-results>
