<?xml version="1.0" encoding="UTF-8"?>
<testng-results ignored="0" total="2" passed="2" failed="0" skipped="0">
  <reporter-output>
  </reporter-output>
  <suite started-at="2024-01-06T13:49:08 CST" name="Default suite" finished-at="2024-01-06T13:49:52 CST" duration-ms="43557">
    <groups>
    </groups>
    <test started-at="2024-01-06T13:49:08 CST" name="Default test" finished-at="2024-01-06T13:49:52 CST" duration-ms="43557">
      <class name="com.webshop.testcase.LoginPageTest">
        <test-method is-config="true" signature="setup()[pri:0, instance:com.webshop.testcase.LoginPageTest@2dde1bff]" started-at="2024-01-06T13:49:09 CST" name="setup" finished-at="2024-01-06T13:49:24 CST" duration-ms="15029" status="PASS">
          <reporter-output>
          </reporter-output>
        </test-method> <!-- setup -->
        <test-method signature="initApplication()[pri:0, instance:com.webshop.testcase.LoginPageTest@2dde1bff]" started-at="2024-01-06T13:49:24 CST" name="initApplication" finished-at="2024-01-06T13:49:32 CST" duration-ms="8414" status="PASS">
          <reporter-output>
          </reporter-output>
        </test-method> <!-- initApplication -->
        <test-method is-config="true" signature="teartown()[pri:0, instance:com.webshop.testcase.LoginPageTest@2dde1bff]" started-at="2024-01-06T13:49:32 CST" name="teartown" finished-at="2024-01-06T13:49:35 CST" duration-ms="2509" status="PASS">
          <reporter-output>
          </reporter-output>
        </test-method> <!-- teartown -->
        <test-method is-config="true" signature="setup()[pri:0, instance:com.webshop.testcase.LoginPageTest@2dde1bff]" started-at="2024-01-06T13:49:35 CST" name="setup" finished-at="2024-01-06T13:49:41 CST" duration-ms="6478" status="PASS">
          <reporter-output>
          </reporter-output>
        </test-method> <!-- setup -->
        <test-method signature="testLoginPageTest()[pri:0, instance:com.webshop.testcase.LoginPageTest@2dde1bff]" started-at="2024-01-06T13:49:41 CST" name="testLoginPageTest" finished-at="2024-01-06T13:49:49 CST" duration-ms="7731" status="PASS">
          <reporter-output>
          </reporter-output>
        </test-method> <!-- testLoginPageTest -->
        <test-method is-config="true" signature="teartown()[pri:0, instance:com.webshop.testcase.LoginPageTest@2dde1bff]" started-at="2024-01-06T13:49:49 CST" name="teartown" finished-at="2024-01-06T13:49:52 CST" duration-ms="3183" status="PASS">
          <reporter-output>
          </reporter-output>
        </test-method> <!-- teartown -->
      </class> <!-- com.webshop.testcase.LoginPageTest -->
    </test> <!-- Default test -->
  </suite> <!-- Default suite -->
</testng-results>
