<?xml version="1.0" encoding="UTF-8"?>
<!-- Generated by org.testng.reporters.JUnitReportReporter -->
<testsuite hostname="Udhayas-MBP.home" failures="0" tests="3" name="com.webshop.testcase.LoginPageTest" time="34.214" errors="0" timestamp="2023-12-13T11:46:12 CST" skipped="0">
  <testcase classname="com.webshop.testcase.LoginPageTest" name="initApplication" time="16.788"/>
  <testcase classname="com.webshop.testcase.LoginPageTest" name="testForgotPasswordlink" time="7.980"/>
  <testcase classname="com.webshop.testcase.LoginPageTest" name="testLoginPageTest" time="9.446"/>
</testsuite> <!-- com.webshop.testcase.LoginPageTest -->
