<?xml version="1.0" encoding="UTF-8"?>
<!-- Generated by org.testng.reporters.JUnitReportReporter -->
<testsuite hostname="Udhayas-MBP.home" failures="0" tests="2" name="com.webshop.testcase.LoginPageTest" time="43.344" errors="0" timestamp="2024-01-06T13:49:52 CST" skipped="0">
  <testcase classname="com.webshop.testcase.LoginPageTest" name="testLoginPageTest" time="16.718"/>
  <testcase classname="com.webshop.testcase.LoginPageTest" name="initApplication" time="26.626"/>
</testsuite> <!-- com.webshop.testcase.LoginPageTest -->
